0 info it worked if it ends with ok
1 verbose cli [ '/Users/validity/.nvm/v0.11.13/bin/node',
1 verbose cli   '/Users/validity/.nvm/v0.11.13/bin/npm',
1 verbose cli   'install',
1 verbose cli   '-g',
1 verbose cli   'react-tools' ]
2 info using npm@1.4.9
3 info using node@v0.11.13
4 verbose cache add [ 'react-tools', null ]
5 verbose cache add name=undefined spec="react-tools" args=["react-tools",null]
6 verbose parsed url { protocol: null,
6 verbose parsed url   slashes: null,
6 verbose parsed url   auth: null,
6 verbose parsed url   host: null,
6 verbose parsed url   port: null,
6 verbose parsed url   hostname: null,
6 verbose parsed url   hash: null,
6 verbose parsed url   search: null,
6 verbose parsed url   query: null,
6 verbose parsed url   pathname: 'react-tools',
6 verbose parsed url   path: 'react-tools',
6 verbose parsed url   href: 'react-tools' }
7 silly lockFile 0f761efe-react-tools react-tools
8 verbose lock react-tools /Users/validity/.npm/0f761efe-react-tools.lock
9 silly lockFile 0f761efe-react-tools react-tools
10 silly lockFile 0f761efe-react-tools react-tools
11 verbose addNamed [ 'react-tools', '' ]
12 verbose addNamed [ null, '*' ]
13 silly lockFile 47fcd5e0-react-tools react-tools@
14 verbose lock react-tools@ /Users/validity/.npm/47fcd5e0-react-tools.lock
15 silly addNameRange { name: 'react-tools', range: '*', hasData: false }
16 verbose url raw react-tools
17 verbose url resolving [ 'https://registry.npmjs.org/', './react-tools' ]
18 verbose url resolved https://registry.npmjs.org/react-tools
19 info trying registry request attempt 1 at 20:03:28
20 http GET https://registry.npmjs.org/react-tools
21 http 200 https://registry.npmjs.org/react-tools
22 silly registry.get cb [ 200,
22 silly registry.get   { date: 'Sat, 13 Sep 2014 02:03:30 GMT',
22 silly registry.get     server: 'CouchDB/1.5.0 (Erlang OTP/R16B03)',
22 silly registry.get     etag: '"2YENHPHP4QZHRP203XLF22MCL"',
22 silly registry.get     'content-type': 'application/json',
22 silly registry.get     'cache-control': 'max-age=60',
22 silly registry.get     'content-length': '34739',
22 silly registry.get     'accept-ranges': 'bytes',
22 silly registry.get     via: '1.1 varnish',
22 silly registry.get     age: '14032',
22 silly registry.get     'x-served-by': 'cache-dfw1828-DFW',
22 silly registry.get     'x-cache': 'HIT',
22 silly registry.get     'x-cache-hits': '1',
22 silly registry.get     'x-timer': 'S1410573810.851227,VS0,VE0',
22 silly registry.get     vary: 'Accept',
22 silly registry.get     connection: 'close' } ]
23 silly addNameRange number 2 { name: 'react-tools', range: '*', hasData: true }
24 silly addNameRange versions [ 'react-tools',
24 silly addNameRange   [ '0.3.0',
24 silly addNameRange     '0.3.1',
24 silly addNameRange     '0.3.2',
24 silly addNameRange     '0.3.3',
24 silly addNameRange     '0.4.0',
24 silly addNameRange     '0.4.1',
24 silly addNameRange     '0.5.0',
24 silly addNameRange     '0.5.1',
24 silly addNameRange     '0.4.2',
24 silly addNameRange     '0.5.2',
24 silly addNameRange     '0.8.0',
24 silly addNameRange     '0.9.0-rc1',
24 silly addNameRange     '0.9.0',
24 silly addNameRange     '0.10.0-rc1',
24 silly addNameRange     '0.10.0',
24 silly addNameRange     '0.11.0-rc1',
24 silly addNameRange     '0.11.0',
24 silly addNameRange     '0.11.1' ] ]
25 verbose addNamed [ 'react-tools', '0.11.1' ]
26 verbose addNamed [ '0.11.1', '0.11.1' ]
27 silly lockFile 4bfaeac5-react-tools-0-11-1 react-tools@0.11.1
28 verbose lock react-tools@0.11.1 /Users/validity/.npm/4bfaeac5-react-tools-0-11-1.lock
29 silly lockFile e0b3c8f6-act-tools-react-tools-0-11-1-tgz https://registry.npmjs.org/react-tools/-/react-tools-0.11.1.tgz
30 verbose lock https://registry.npmjs.org/react-tools/-/react-tools-0.11.1.tgz /Users/validity/.npm/e0b3c8f6-act-tools-react-tools-0-11-1-tgz.lock
31 verbose addRemoteTarball [ 'https://registry.npmjs.org/react-tools/-/react-tools-0.11.1.tgz',
31 verbose addRemoteTarball   '931bd84cb3eb19b87be13c5b1f09f0cbe8748728' ]
32 info retry fetch attempt 1 at 20:03:29
33 verbose fetch to= /var/folders/9s/g93j4xhs1dz_tw_fssh1yl6c0000gn/T/npm-20480-5a1fc4v-/1410573809097-0.6023612003773451/tmp.tgz
34 http GET https://registry.npmjs.org/react-tools/-/react-tools-0.11.1.tgz
35 http 200 https://registry.npmjs.org/react-tools/-/react-tools-0.11.1.tgz
36 verbose tar unpack /var/folders/9s/g93j4xhs1dz_tw_fssh1yl6c0000gn/T/npm-20480-5a1fc4v-/1410573809097-0.6023612003773451/tmp.tgz
37 silly lockFile e46892a4-y-npm-react-tools-0-11-1-package tar:///Users/validity/.npm/react-tools/0.11.1/package
38 verbose lock tar:///Users/validity/.npm/react-tools/0.11.1/package /Users/validity/.npm/e46892a4-y-npm-react-tools-0-11-1-package.lock
39 silly lockFile 2bc7d367-09097-0-6023612003773451-tmp-tgz tar:///var/folders/9s/g93j4xhs1dz_tw_fssh1yl6c0000gn/T/npm-20480-5a1fc4v-/1410573809097-0.6023612003773451/tmp.tgz
40 verbose lock tar:///var/folders/9s/g93j4xhs1dz_tw_fssh1yl6c0000gn/T/npm-20480-5a1fc4v-/1410573809097-0.6023612003773451/tmp.tgz /Users/validity/.npm/2bc7d367-09097-0-6023612003773451-tmp-tgz.lock
41 silly gunzTarPerm modes [ '755', '644' ]
42 silly gunzTarPerm extractEntry package.json
43 silly gunzTarPerm extractEntry README.md
44 silly gunzTarPerm extractEntry main.js
45 silly gunzTarPerm extractEntry bin/jsx
46 silly gunzTarPerm extractEntry src/package.json
47 silly gunzTarPerm extractEntry src/addons/ReactComponentWithPureRenderMixin.js
48 silly gunzTarPerm extractEntry src/addons/ReactRAFBatchingStrategy.js
49 silly gunzTarPerm extractEntry src/addons/update.js
50 silly gunzTarPerm extractEntry src/addons/__tests__/update-test.js
51 silly gunzTarPerm extractEntry src/addons/link/LinkedStateMixin.js
52 silly gunzTarPerm extractEntry src/addons/link/ReactLink.js
53 silly gunzTarPerm extractEntry src/addons/link/__tests__/LinkedStateMixin-test.js
54 silly gunzTarPerm extractEntry src/addons/link/__tests__/ReactLinkPropTypes-test.js
55 silly gunzTarPerm extractEntry src/addons/transitions/ReactCSSTransitionGroup.js
56 silly gunzTarPerm extractEntry src/addons/transitions/ReactCSSTransitionGroupChild.js
57 silly gunzTarPerm extractEntry src/addons/transitions/ReactTransitionChildMapping.js
58 silly gunzTarPerm extractEntry src/addons/transitions/ReactTransitionEvents.js
59 silly gunzTarPerm extractEntry src/addons/transitions/ReactTransitionGroup.js
60 silly gunzTarPerm extractEntry src/addons/transitions/__tests__/ReactCSSTransitionGroup-test.js
61 silly gunzTarPerm extractEntry src/addons/transitions/__tests__/ReactTransitionChildMapping-test.js
62 silly gunzTarPerm extractEntry src/addons/transitions/__tests__/ReactTransitionGroup-test.js
63 silly gunzTarPerm extractEntry src/browser/ClientReactRootIndex.js
64 silly gunzTarPerm extractEntry src/browser/ReactDOM.js
65 silly gunzTarPerm extractEntry src/browser/ReactPutListenerQueue.js
66 silly gunzTarPerm extractEntry src/browser/ReactReconcileTransaction.js
67 silly gunzTarPerm extractEntry src/browser/ReactTextComponent.js
68 silly gunzTarPerm extractEntry src/browser/ReactBrowserEventEmitter.js
69 silly gunzTarPerm extractEntry src/browser/ReactWithAddons.js
70 silly gunzTarPerm extractEntry src/browser/__tests__/ReactBrowserEventEmitter-test.js
71 silly gunzTarPerm extractEntry src/browser/__tests__/ReactDOM-test.js
72 silly gunzTarPerm extractEntry src/browser/__tests__/ReactWebWorker-test.js
73 silly gunzTarPerm extractEntry src/browser/eventPlugins/AnalyticsEventPluginFactory.js
74 silly gunzTarPerm extractEntry src/browser/eventPlugins/ChangeEventPlugin.js
75 silly gunzTarPerm extractEntry src/browser/eventPlugins/CompositionEventPlugin.js
76 silly gunzTarPerm extractEntry src/browser/eventPlugins/DefaultEventPluginOrder.js
77 silly gunzTarPerm extractEntry src/browser/eventPlugins/EnterLeaveEventPlugin.js
78 silly gunzTarPerm extractEntry src/browser/eventPlugins/BeforeInputEventPlugin.js
79 silly gunzTarPerm extractEntry src/browser/eventPlugins/ResponderEventPlugin.js
80 silly gunzTarPerm extractEntry src/browser/eventPlugins/SelectEventPlugin.js
81 silly gunzTarPerm extractEntry src/browser/eventPlugins/SimpleEventPlugin.js
82 silly gunzTarPerm extractEntry src/browser/eventPlugins/TapEventPlugin.js
83 silly gunzTarPerm extractEntry src/browser/eventPlugins/MobileSafariClickEventPlugin.js
84 silly gunzTarPerm extractEntry src/browser/eventPlugins/__tests__/AnalyticsEventPlugin-test.js
85 silly gunzTarPerm extractEntry src/browser/eventPlugins/__tests__/EnterLeaveEventPlugin-test.js
86 silly gunzTarPerm extractEntry src/browser/eventPlugins/__tests__/ResponderEventPlugin-test.js
87 silly gunzTarPerm extractEntry src/browser/server/ReactMarkupChecksum.js
88 silly gunzTarPerm extractEntry src/browser/server/ReactServerRendering.js
89 silly gunzTarPerm extractEntry src/browser/server/ReactServerRenderingTransaction.js
90 silly gunzTarPerm extractEntry src/browser/server/ServerReactRootIndex.js
91 silly gunzTarPerm extractEntry src/browser/server/__tests__/ReactServerRendering-test.js
92 silly gunzTarPerm extractEntry src/browser/syntheticEvents/SyntheticClipboardEvent.js
93 silly gunzTarPerm extractEntry src/browser/syntheticEvents/SyntheticDragEvent.js
94 silly gunzTarPerm extractEntry src/browser/syntheticEvents/SyntheticEvent.js
95 silly gunzTarPerm extractEntry src/browser/syntheticEvents/SyntheticFocusEvent.js
96 silly gunzTarPerm extractEntry src/browser/syntheticEvents/SyntheticInputEvent.js
97 silly gunzTarPerm extractEntry src/browser/syntheticEvents/SyntheticCompositionEvent.js
98 silly gunzTarPerm extractEntry src/browser/syntheticEvents/SyntheticMouseEvent.js
99 silly gunzTarPerm extractEntry src/browser/syntheticEvents/SyntheticTouchEvent.js
100 silly gunzTarPerm extractEntry src/browser/syntheticEvents/SyntheticUIEvent.js
101 silly gunzTarPerm extractEntry src/browser/syntheticEvents/SyntheticWheelEvent.js
102 silly gunzTarPerm extractEntry src/browser/syntheticEvents/SyntheticKeyboardEvent.js
103 silly gunzTarPerm extractEntry src/browser/syntheticEvents/__tests__/SyntheticEvent-test.js
104 silly gunzTarPerm extractEntry src/browser/syntheticEvents/__tests__/SyntheticWheelEvent-test.js
105 silly gunzTarPerm extractEntry src/browser/ui/React.js
106 silly gunzTarPerm extractEntry src/browser/ui/ReactComponentBrowserEnvironment.js
107 silly gunzTarPerm extractEntry src/browser/ui/ReactDOMComponent.js
108 silly gunzTarPerm extractEntry src/browser/ui/ReactDOMIDOperations.js
109 silly gunzTarPerm extractEntry src/browser/ui/ReactDOMSelection.js
110 silly gunzTarPerm extractEntry src/browser/ui/ReactDefaultInjection.js
111 silly gunzTarPerm extractEntry src/browser/ui/ReactBrowserComponentMixin.js
112 silly gunzTarPerm extractEntry src/browser/ui/ReactInjection.js
113 silly gunzTarPerm extractEntry src/browser/ui/ReactInputSelection.js
114 silly gunzTarPerm extractEntry src/browser/ui/ReactMount.js
115 silly gunzTarPerm extractEntry src/browser/ui/getReactRootElementInContainer.js
116 silly gunzTarPerm extractEntry src/browser/ui/ReactEventListener.js
117 silly gunzTarPerm extractEntry src/browser/ui/__tests__/ReactDOMComponent-test.js
118 silly gunzTarPerm extractEntry src/browser/ui/__tests__/ReactDOMIDOperations-test.js
119 silly gunzTarPerm extractEntry src/browser/ui/__tests__/ReactEventListener-test.js
120 silly gunzTarPerm extractEntry src/browser/ui/__tests__/ReactMount-test.js
121 silly gunzTarPerm extractEntry src/browser/ui/__tests__/ReactMountDestruction-test.js
122 silly gunzTarPerm extractEntry src/browser/ui/__tests__/ReactRenderDocument-test.js
123 silly gunzTarPerm extractEntry src/browser/ui/dom/CSSProperty.js
124 silly gunzTarPerm extractEntry src/browser/ui/dom/Danger.js
125 silly gunzTarPerm extractEntry src/browser/ui/dom/HTMLDOMPropertyConfig.js
126 silly gunzTarPerm extractEntry src/browser/ui/dom/SVGDOMPropertyConfig.js
127 silly gunzTarPerm extractEntry src/browser/ui/dom/ViewportMetrics.js
128 silly gunzTarPerm extractEntry src/browser/ui/dom/DOMPropertyOperations.js
129 silly gunzTarPerm extractEntry src/browser/ui/dom/isEventSupported.js
130 silly gunzTarPerm extractEntry src/browser/ui/dom/dangerousStyleValue.js
131 silly gunzTarPerm extractEntry src/browser/ui/dom/getEventKey.js
132 silly gunzTarPerm extractEntry src/browser/ui/dom/getEventModifierState.js
133 silly gunzTarPerm extractEntry src/browser/ui/dom/getEventTarget.js
134 silly gunzTarPerm extractEntry src/browser/ui/dom/DOMProperty.js
135 silly gunzTarPerm extractEntry src/browser/ui/dom/getNodeForCharacterOffset.js
136 silly gunzTarPerm extractEntry src/browser/ui/dom/DOMChildrenOperations.js
137 silly gunzTarPerm extractEntry src/browser/ui/dom/getTextContentAccessor.js
138 silly gunzTarPerm extractEntry src/browser/ui/dom/CSSPropertyOperations.js
139 silly gunzTarPerm extractEntry src/browser/ui/dom/setInnerHTML.js
140 silly gunzTarPerm extractEntry src/browser/ui/dom/components/AutoFocusMixin.js
141 silly gunzTarPerm extractEntry src/browser/ui/dom/components/LocalEventTrapMixin.js
142 silly gunzTarPerm extractEntry src/browser/ui/dom/components/ReactDOMButton.js
143 silly gunzTarPerm extractEntry src/browser/ui/dom/components/ReactDOMForm.js
144 silly gunzTarPerm extractEntry src/browser/ui/dom/components/ReactDOMImg.js
145 silly gunzTarPerm extractEntry src/browser/ui/dom/components/LinkedValueUtils.js
146 silly gunzTarPerm extractEntry src/browser/ui/dom/components/ReactDOMOption.js
147 silly gunzTarPerm extractEntry src/browser/ui/dom/components/ReactDOMSelect.js
148 silly gunzTarPerm extractEntry src/browser/ui/dom/components/ReactDOMTextarea.js
149 silly gunzTarPerm extractEntry src/browser/ui/dom/components/createFullPageComponent.js
150 silly gunzTarPerm extractEntry src/browser/ui/dom/components/ReactDOMInput.js
151 silly gunzTarPerm extractEntry src/browser/ui/dom/components/__tests__/ReactDOMButton-test.js
152 silly gunzTarPerm extractEntry src/browser/ui/dom/components/__tests__/ReactDOMInput-test.js
153 silly gunzTarPerm extractEntry src/browser/ui/dom/components/__tests__/ReactDOMSelect-test.js
154 silly gunzTarPerm extractEntry src/browser/ui/dom/components/__tests__/ReactDOMTextarea-test.js
155 silly gunzTarPerm extractEntry src/browser/ui/dom/__tests__/CSSProperty-test.js
156 silly gunzTarPerm extractEntry src/browser/ui/dom/__tests__/CSSPropertyOperations-test.js
157 silly gunzTarPerm extractEntry src/browser/ui/dom/__tests__/DOMPropertyOperations-test.js
158 silly gunzTarPerm extractEntry src/browser/ui/dom/__tests__/Danger-test.js
159 silly gunzTarPerm extractEntry src/browser/ui/dom/__tests__/getNodeForCharacterOffset-test.js
160 silly gunzTarPerm extractEntry src/core/ReactComponent.js
161 silly gunzTarPerm extractEntry src/core/ReactEmptyComponent.js
162 silly gunzTarPerm extractEntry src/core/ReactEventEmitterMixin.js
163 silly gunzTarPerm extractEntry src/core/ReactInstanceHandles.js
164 silly gunzTarPerm extractEntry src/core/ReactDoNotBindDeprecated.js
165 silly gunzTarPerm extractEntry src/core/ReactCompositeComponent.js
166 silly gunzTarPerm extractEntry src/core/ReactOwner.js
167 silly gunzTarPerm extractEntry src/core/ReactPropTransferer.js
168 silly gunzTarPerm extractEntry src/core/ReactPropTypeLocationNames.js
169 silly gunzTarPerm extractEntry src/core/ReactPropTypeLocations.js
170 silly gunzTarPerm extractEntry src/core/ReactDescriptorValidator.js
171 silly gunzTarPerm extractEntry src/core/ReactPropTypes.js
172 silly gunzTarPerm extractEntry src/core/ReactDescriptor.js
173 silly gunzTarPerm extractEntry src/core/ReactRootIndex.js
174 silly gunzTarPerm extractEntry src/core/ReactDefaultBatchingStrategy.js
175 silly gunzTarPerm extractEntry src/core/ReactStateSetters.js
176 silly gunzTarPerm extractEntry src/core/ReactCurrentOwner.js
177 silly gunzTarPerm extractEntry src/core/ReactUpdates.js
178 silly gunzTarPerm extractEntry src/core/ReactContext.js
179 silly gunzTarPerm extractEntry src/core/instantiateReactComponent.js
180 silly gunzTarPerm extractEntry src/core/ReactMultiChild.js
181 silly gunzTarPerm extractEntry src/core/shouldUpdateReactComponent.js
182 silly gunzTarPerm extractEntry src/core/ReactMultiChildUpdateTypes.js
183 silly gunzTarPerm extractEntry src/core/__tests__/ReactBind-test.js
184 silly gunzTarPerm extractEntry src/core/__tests__/ReactCompositeComponentSpec-test.js
185 silly gunzTarPerm extractEntry src/core/__tests__/ReactCompositeComponentState-test.js
186 silly gunzTarPerm extractEntry src/core/__tests__/ReactDescriptor-test.js
187 silly gunzTarPerm extractEntry src/core/__tests__/ReactIdentity-test.js
188 silly gunzTarPerm extractEntry src/core/__tests__/ReactCompositeComponentMixin-test.js
189 silly gunzTarPerm extractEntry src/core/__tests__/ReactMultiChild-test.js
190 silly gunzTarPerm extractEntry src/core/__tests__/ReactMultiChildReconcile-test.js
191 silly gunzTarPerm extractEntry src/core/__tests__/ReactMultiChildText-test.js
192 silly gunzTarPerm extractEntry src/core/__tests__/ReactPropTransferer-test.js
193 silly gunzTarPerm extractEntry src/core/__tests__/ReactPropTypes-test.js
194 silly gunzTarPerm extractEntry src/core/__tests__/ReactCompositeComponentError-test.js
195 silly gunzTarPerm extractEntry src/core/__tests__/ReactStateSetters-test.js
196 silly gunzTarPerm extractEntry src/core/__tests__/ReactCompositeComponentDOMMinimalism-test.js
197 silly gunzTarPerm extractEntry src/core/__tests__/ReactTextComponent-test.js
198 silly gunzTarPerm extractEntry src/core/__tests__/ReactCompositeComponent-test.js
199 silly gunzTarPerm extractEntry src/core/__tests__/ReactUpdates-test.js
200 silly gunzTarPerm extractEntry src/core/__tests__/ReactComponentLifeCycle-test.js
201 silly gunzTarPerm extractEntry src/core/__tests__/refs-destruction-test.js
202 silly gunzTarPerm extractEntry src/core/__tests__/ReactComponent-test.js
203 silly gunzTarPerm extractEntry src/core/__tests__/refs-test.js
204 silly gunzTarPerm extractEntry src/core/__tests__/ReactInstanceHandles-test.js
205 silly gunzTarPerm extractEntry src/event/EventConstants.js
206 silly gunzTarPerm extractEntry src/event/EventPluginHub.js
207 silly gunzTarPerm extractEntry src/event/EventPluginRegistry.js
208 silly gunzTarPerm extractEntry src/event/EventPluginUtils.js
209 silly gunzTarPerm extractEntry src/event/EventPropagators.js
210 silly gunzTarPerm extractEntry src/event/__tests__/EventPluginHub-test.js
211 silly gunzTarPerm extractEntry src/event/__tests__/EventPluginRegistry-test.js
212 silly gunzTarPerm extractEntry src/test/ReactDefaultPerf.js
213 silly gunzTarPerm extractEntry src/test/ReactTestUtils.js
214 silly gunzTarPerm extractEntry src/test/all.js
215 silly gunzTarPerm extractEntry src/test/createHierarchyRenderer.js
216 silly gunzTarPerm extractEntry src/test/ReactPerf.js
217 silly gunzTarPerm extractEntry src/test/mock-modules.js
218 silly gunzTarPerm extractEntry src/test/mock-timers.js
219 silly gunzTarPerm extractEntry src/test/mocks.js
220 silly gunzTarPerm extractEntry src/test/phantomjs-shims.js
221 silly gunzTarPerm extractEntry src/test/reactComponentExpect.js
222 silly gunzTarPerm extractEntry src/test/ReactDefaultPerfAnalysis.js
223 silly gunzTarPerm extractEntry src/test/worker.js
224 silly gunzTarPerm extractEntry src/test/getTestDocument.js
225 silly gunzTarPerm extractEntry src/utils/CallbackQueue.js
226 silly gunzTarPerm extractEntry src/utils/accumulate.js
227 silly gunzTarPerm extractEntry src/utils/adler32.js
228 silly gunzTarPerm extractEntry src/utils/cloneWithProps.js
229 silly gunzTarPerm extractEntry src/utils/sliceChildren.js
230 silly gunzTarPerm extractEntry src/utils/LegacyImmutableObject.js
231 silly gunzTarPerm extractEntry src/utils/forEachAccumulated.js
232 silly gunzTarPerm extractEntry src/utils/isTextInputElement.js
233 silly gunzTarPerm extractEntry src/utils/joinClasses.js
234 silly gunzTarPerm extractEntry src/utils/keyMirror.js
235 silly gunzTarPerm extractEntry src/utils/Transaction.js
236 silly gunzTarPerm extractEntry src/utils/memoizeStringOnly.js
237 silly gunzTarPerm extractEntry src/utils/ReactChildren.js
238 silly gunzTarPerm extractEntry src/utils/mixInto.js
239 silly gunzTarPerm extractEntry src/utils/PooledClass.js
240 silly gunzTarPerm extractEntry src/utils/onlyChild.js
241 silly gunzTarPerm extractEntry src/utils/OrderedMap.js
242 silly gunzTarPerm extractEntry src/utils/shallowEqual.js
243 silly gunzTarPerm extractEntry src/utils/escapeTextForBrowser.js
244 silly gunzTarPerm extractEntry src/utils/traverseAllChildren.js
245 silly gunzTarPerm extractEntry src/utils/flattenChildren.js
246 silly gunzTarPerm extractEntry src/utils/__tests__/LegacyImmutableObject-test.js
247 silly gunzTarPerm extractEntry src/utils/__tests__/ReactChildren-test.js
248 silly gunzTarPerm extractEntry src/utils/__tests__/Transaction-test.js
249 silly gunzTarPerm extractEntry src/utils/__tests__/cloneWithProps-test.js
250 silly gunzTarPerm extractEntry src/utils/__tests__/PooledClass-test.js
251 silly gunzTarPerm extractEntry src/utils/__tests__/joinClasses-test.js
252 silly gunzTarPerm extractEntry src/utils/__tests__/keyMirror-test.js
253 silly gunzTarPerm extractEntry src/utils/__tests__/memoizeStringOnly-test.js
254 silly gunzTarPerm extractEntry src/utils/__tests__/onlyChild-test.js
255 silly gunzTarPerm extractEntry src/utils/__tests__/sliceChildren-test.js
256 silly gunzTarPerm extractEntry src/utils/__tests__/OrderedMap-test.js
257 silly gunzTarPerm extractEntry src/utils/__tests__/traverseAllChildren-test.js
258 silly gunzTarPerm extractEntry src/utils/__tests__/escapeTextForBrowser-test.js
259 silly gunzTarPerm extractEntry src/vendor/core/CSSCore.js
260 silly gunzTarPerm extractEntry src/vendor/core/emptyObject.js
261 silly gunzTarPerm extractEntry src/vendor/core/getMarkupWrap.js
262 silly gunzTarPerm extractEntry src/vendor/core/hyphenate.js
263 silly gunzTarPerm extractEntry src/vendor/core/emptyFunction.js
264 silly gunzTarPerm extractEntry src/vendor/core/ExecutionEnvironment.js
265 silly gunzTarPerm extractEntry src/vendor/core/keyOf.js
266 silly gunzTarPerm extractEntry src/vendor/core/mapObject.js
267 silly gunzTarPerm extractEntry src/vendor/core/merge.js
268 silly gunzTarPerm extractEntry src/vendor/core/mergeDeep.js
269 silly gunzTarPerm extractEntry src/vendor/core/toArray.js
270 silly gunzTarPerm extractEntry src/vendor/core/mergeDeepInto.js
271 silly gunzTarPerm extractEntry src/vendor/core/createNodesFromMarkup.js
272 silly gunzTarPerm extractEntry src/vendor/core/mergeHelpers.js
273 silly gunzTarPerm extractEntry src/vendor/core/createArrayFrom.js
274 silly gunzTarPerm extractEntry src/vendor/core/mergeInto.js
275 silly gunzTarPerm extractEntry src/vendor/core/copyProperties.js
276 silly gunzTarPerm extractEntry src/vendor/core/monitorCodeUse.js
277 silly gunzTarPerm extractEntry src/vendor/core/camelize.js
278 silly gunzTarPerm extractEntry src/vendor/core/nativeRequestAnimationFrame.js
279 silly gunzTarPerm extractEntry src/vendor/core/TouchEventUtils.js
280 silly gunzTarPerm extractEntry src/vendor/core/requestAnimationFrame.js
281 silly gunzTarPerm extractEntry src/vendor/core/hyphenateStyleName.js
282 silly gunzTarPerm extractEntry src/vendor/core/warning.js
283 silly gunzTarPerm extractEntry src/vendor/core/invariant.js
284 silly gunzTarPerm extractEntry src/vendor/core/dom/containsNode.js
285 silly gunzTarPerm extractEntry src/vendor/core/dom/focusNode.js
286 silly gunzTarPerm extractEntry src/vendor/core/dom/getActiveElement.js
287 silly gunzTarPerm extractEntry src/vendor/core/dom/getUnboundedScrollPosition.js
288 silly gunzTarPerm extractEntry src/vendor/core/dom/isNode.js
289 silly gunzTarPerm extractEntry src/vendor/core/dom/isTextNode.js
290 silly gunzTarPerm extractEntry src/vendor/immutable/Immutable.js
291 silly gunzTarPerm extractEntry src/vendor/immutable/ImmutableObject.js
292 silly gunzTarPerm extractEntry src/vendor/immutable/__tests__/ImmutableObject-test.js
293 silly gunzTarPerm extractEntry src/vendor/performance/performance.js
294 silly gunzTarPerm extractEntry src/vendor/performance/performanceNow.js
295 silly gunzTarPerm extractEntry src/vendor/stubs/EventListener.js
296 silly gunzTarPerm extractEntry src/vendor/stubs/ReactErrorUtils.js
297 silly gunzTarPerm extractEntry src/vendor/stubs/cx.js
298 silly gunzTarPerm extractEntry vendor/fbtransform/syntax.js
299 silly gunzTarPerm extractEntry vendor/fbtransform/visitors.js
300 silly gunzTarPerm extractEntry vendor/fbtransform/transforms/react.js
301 silly gunzTarPerm extractEntry vendor/fbtransform/transforms/reactDisplayName.js
302 silly gunzTarPerm extractEntry vendor/fbtransform/transforms/xjs.js
303 silly gunzTarPerm extractEntry vendor/fbtransform/transforms/__tests__/react-displayName-test.js
304 silly gunzTarPerm extractEntry vendor/fbtransform/transforms/__tests__/react-test.js
305 silly lockFile e46892a4-y-npm-react-tools-0-11-1-package tar:///Users/validity/.npm/react-tools/0.11.1/package
306 silly lockFile e46892a4-y-npm-react-tools-0-11-1-package tar:///Users/validity/.npm/react-tools/0.11.1/package
307 silly lockFile 2bc7d367-09097-0-6023612003773451-tmp-tgz tar:///var/folders/9s/g93j4xhs1dz_tw_fssh1yl6c0000gn/T/npm-20480-5a1fc4v-/1410573809097-0.6023612003773451/tmp.tgz
308 silly lockFile 2bc7d367-09097-0-6023612003773451-tmp-tgz tar:///var/folders/9s/g93j4xhs1dz_tw_fssh1yl6c0000gn/T/npm-20480-5a1fc4v-/1410573809097-0.6023612003773451/tmp.tgz
309 silly lockFile e0b3c8f6-act-tools-react-tools-0-11-1-tgz https://registry.npmjs.org/react-tools/-/react-tools-0.11.1.tgz
310 silly lockFile e0b3c8f6-act-tools-react-tools-0-11-1-tgz https://registry.npmjs.org/react-tools/-/react-tools-0.11.1.tgz
311 silly lockFile 4bfaeac5-react-tools-0-11-1 react-tools@0.11.1
312 silly lockFile 4bfaeac5-react-tools-0-11-1 react-tools@0.11.1
313 silly lockFile 47fcd5e0-react-tools react-tools@
314 silly lockFile 47fcd5e0-react-tools react-tools@
315 silly resolved [ { name: 'react-tools',
315 silly resolved     description: 'A set of complementary tools to React, including the JSX transformer.',
315 silly resolved     version: '0.11.1',
315 silly resolved     keywords: [ 'react', 'jsx', 'transformer', 'view' ],
315 silly resolved     homepage: 'http://facebook.github.io/react',
315 silly resolved     bugs: { url: 'https://github.com/facebook/react/issues' },
315 silly resolved     licenses: [ [Object] ],
315 silly resolved     files: [ 'main.js', 'bin/jsx', 'src/', 'vendor/fbtransform/' ],
315 silly resolved     main: 'main.js',
315 silly resolved     bin: { jsx: './bin/jsx' },
315 silly resolved     repository: { type: 'git', url: 'https://github.com/facebook/react' },
315 silly resolved     dependencies:
315 silly resolved      { commoner: '^0.9.6',
315 silly resolved        'esprima-fb': '^4001.3001.0-dev-harmony-fb',
315 silly resolved        jstransform: '^6.0.1' },
315 silly resolved     devDependencies:
315 silly resolved      { benchmark: '~1.0.0',
315 silly resolved        browserify: '^4.1.10',
315 silly resolved        coverify: '~1.0.4',
315 silly resolved        envify: '^2.0.0',
315 silly resolved        es3ify: '~0.1.2',
315 silly resolved        'es5-shim': '^4.0.0',
315 silly resolved        grunt: '~0.4.2',
315 silly resolved        'grunt-cli': '~0.1.9',
315 silly resolved        'grunt-compare-size': '~0.4.0',
315 silly resolved        'grunt-contrib-clean': '~0.5.0',
315 silly resolved        'grunt-contrib-compress': '^0.9.1',
315 silly resolved        'grunt-contrib-connect': '~0.6.0',
315 silly resolved        'grunt-contrib-copy': '~0.5.0',
315 silly resolved        'grunt-contrib-jshint': '^0.10.0',
315 silly resolved        'gzip-js': '~0.3.2',
315 silly resolved        'jasmine-tapreporter': '~0.2.2',
315 silly resolved        'jest-cli': '~0.1.5',
315 silly resolved        lodash: '~2.4.1',
315 silly resolved        microtime: '^0.6.0',
315 silly resolved        optimist: '~0.6.0',
315 silly resolved        phantomjs: '~1.9',
315 silly resolved        platform: '^1.1.0',
315 silly resolved        populist: '~0.1.6',
315 silly resolved        recast: '~0.5.6',
315 silly resolved        'sauce-tunnel': '~1.1.0',
315 silly resolved        semver: '^2.3.0',
315 silly resolved        tmp: '~0.0.18',
315 silly resolved        'uglify-js': '~2.4.0',
315 silly resolved        uglifyify: '^2.4.0',
315 silly resolved        wd: '~0.2.6' },
315 silly resolved     engines: { node: '>=0.10.0' },
315 silly resolved     preferGlobal: true,
315 silly resolved     commonerConfig: { version: 4 },
315 silly resolved     scripts: { test: 'grunt test' },
315 silly resolved     jest:
315 silly resolved      { rootDir: 'src',
315 silly resolved        scriptPreprocessor: '../jest/preprocessor.js',
315 silly resolved        setupEnvScriptFile: '../jest/environment.js',
315 silly resolved        unmockedModulePathPatterns: [Object] },
315 silly resolved     readme: '# react-tools\n\nThis package compliments the usage of [React](http://facebook.github.io/react/). It ships with tools that are often used in conjunction.\n\n## JSX\n\nThis package installs a `jsx` executable that can be used to transform JSX into vanilla JS. This is often used as part of a build step. This transform is also exposed as an API.\n\n## Usage\n\n### Command Line\n\n    Usage: jsx [options] <source directory> <output directory> [<module ID> [<module ID> ...]]\n\n    Options:\n\n      -h, --help                               output usage information\n      -V, --version                            output the version number\n      -c, --config [file]                      JSON configuration file (no file or - means STDIN)\n      -w, --watch                              Continually rebuild\n      -x, --extension <js | coffee | ...>      File extension to assume when resolving module identifiers\n      --relativize                             Rewrite all module identifiers to be relative\n      --follow-requires                        Scan modules for required dependencies\n      --cache-dir <directory>                  Alternate directory to use for disk cache\n      --no-cache-dir                           Disable the disk cache\n      --source-charset <utf8 | win1252 | ...>  Charset of source (default: utf8)\n      --output-charset <utf8 | win1252 | ...>  Charset of output (default: utf8)\n      --harmony                                Turns on JS transformations such as ES6 Classes etc.\n      --source-map-inline                      Embed inline sourcemap in transformed source\n\n## API\n\n### `transform(inputString, options)`\n\noption | values | default\n-------|--------|---------\n`sourceMap` | `true`: append inline source map at the end of the transformed source | `false`\n`harmony` | `true`: enable ES6 features | `false`\n`filename` | the output filename for the source map | `"source.js"`\n\n```js\nvar reactTools = require(\'react-tools\');\n\nreactTools.transform(string, options);\n```\n\n### `transformWithDetails(inputString, options)`\n\nJust like `transform`, but outputs an object:\n```js\n{\n  code: outputString,\n  sourceMap: theSourceMap // Only if the `sourceMap` option is `true`.\n}\n```\n',
315 silly resolved     readmeFilename: 'README.md',
315 silly resolved     _id: 'react-tools@0.11.1',
315 silly resolved     _shasum: '931bd84cb3eb19b87be13c5b1f09f0cbe8748728',
315 silly resolved     _from: 'react-tools@',
315 silly resolved     _resolved: 'https://registry.npmjs.org/react-tools/-/react-tools-0.11.1.tgz' } ]
316 info install react-tools@0.11.1 into /Users/validity/.nvm/v0.11.13/lib
317 info installOne react-tools@0.11.1
318 info /Users/validity/.nvm/v0.11.13/lib/node_modules/react-tools unbuild
319 verbose tar unpack /Users/validity/.npm/react-tools/0.11.1/package.tgz
320 silly lockFile 483f1960--13-lib-node-modules-react-tools tar:///Users/validity/.nvm/v0.11.13/lib/node_modules/react-tools
321 verbose lock tar:///Users/validity/.nvm/v0.11.13/lib/node_modules/react-tools /Users/validity/.npm/483f1960--13-lib-node-modules-react-tools.lock
322 silly lockFile 0ce87286-m-react-tools-0-11-1-package-tgz tar:///Users/validity/.npm/react-tools/0.11.1/package.tgz
323 verbose lock tar:///Users/validity/.npm/react-tools/0.11.1/package.tgz /Users/validity/.npm/0ce87286-m-react-tools-0-11-1-package-tgz.lock
324 silly gunzTarPerm modes [ '755', '644' ]
325 silly gunzTarPerm extractEntry package.json
326 silly gunzTarPerm extractEntry README.md
327 silly gunzTarPerm extractEntry main.js
328 silly gunzTarPerm extractEntry bin/jsx
329 silly gunzTarPerm extractEntry src/package.json
330 silly gunzTarPerm extractEntry src/addons/ReactComponentWithPureRenderMixin.js
331 silly gunzTarPerm extractEntry src/addons/ReactRAFBatchingStrategy.js
332 silly gunzTarPerm extractEntry src/addons/update.js
333 silly gunzTarPerm extractEntry src/addons/__tests__/update-test.js
334 silly gunzTarPerm extractEntry src/addons/link/LinkedStateMixin.js
335 silly gunzTarPerm extractEntry src/addons/link/ReactLink.js
336 silly gunzTarPerm extractEntry src/addons/link/__tests__/LinkedStateMixin-test.js
337 silly gunzTarPerm extractEntry src/addons/link/__tests__/ReactLinkPropTypes-test.js
338 silly gunzTarPerm extractEntry src/addons/transitions/ReactCSSTransitionGroup.js
339 silly gunzTarPerm extractEntry src/addons/transitions/ReactCSSTransitionGroupChild.js
340 silly gunzTarPerm extractEntry src/addons/transitions/ReactTransitionChildMapping.js
341 silly gunzTarPerm extractEntry src/addons/transitions/ReactTransitionEvents.js
342 silly gunzTarPerm extractEntry src/addons/transitions/ReactTransitionGroup.js
343 silly gunzTarPerm extractEntry src/addons/transitions/__tests__/ReactCSSTransitionGroup-test.js
344 silly gunzTarPerm extractEntry src/addons/transitions/__tests__/ReactTransitionChildMapping-test.js
345 silly gunzTarPerm extractEntry src/addons/transitions/__tests__/ReactTransitionGroup-test.js
346 silly gunzTarPerm extractEntry src/browser/ClientReactRootIndex.js
347 silly gunzTarPerm extractEntry src/browser/ReactDOM.js
348 silly gunzTarPerm extractEntry src/browser/ReactPutListenerQueue.js
349 silly gunzTarPerm extractEntry src/browser/ReactReconcileTransaction.js
350 silly gunzTarPerm extractEntry src/browser/ReactTextComponent.js
351 silly gunzTarPerm extractEntry src/browser/ReactBrowserEventEmitter.js
352 silly gunzTarPerm extractEntry src/browser/ReactWithAddons.js
353 silly gunzTarPerm extractEntry src/browser/__tests__/ReactBrowserEventEmitter-test.js
354 silly gunzTarPerm extractEntry src/browser/__tests__/ReactDOM-test.js
355 silly gunzTarPerm extractEntry src/browser/__tests__/ReactWebWorker-test.js
356 silly gunzTarPerm extractEntry src/browser/eventPlugins/AnalyticsEventPluginFactory.js
357 silly gunzTarPerm extractEntry src/browser/eventPlugins/ChangeEventPlugin.js
358 silly gunzTarPerm extractEntry src/browser/eventPlugins/CompositionEventPlugin.js
359 silly gunzTarPerm extractEntry src/browser/eventPlugins/DefaultEventPluginOrder.js
360 silly gunzTarPerm extractEntry src/browser/eventPlugins/EnterLeaveEventPlugin.js
361 silly gunzTarPerm extractEntry src/browser/eventPlugins/BeforeInputEventPlugin.js
362 silly gunzTarPerm extractEntry src/browser/eventPlugins/ResponderEventPlugin.js
363 silly gunzTarPerm extractEntry src/browser/eventPlugins/SelectEventPlugin.js
364 silly gunzTarPerm extractEntry src/browser/eventPlugins/SimpleEventPlugin.js
365 silly gunzTarPerm extractEntry src/browser/eventPlugins/TapEventPlugin.js
366 silly gunzTarPerm extractEntry src/browser/eventPlugins/MobileSafariClickEventPlugin.js
367 silly gunzTarPerm extractEntry src/browser/eventPlugins/__tests__/AnalyticsEventPlugin-test.js
368 silly gunzTarPerm extractEntry src/browser/eventPlugins/__tests__/EnterLeaveEventPlugin-test.js
369 silly gunzTarPerm extractEntry src/browser/eventPlugins/__tests__/ResponderEventPlugin-test.js
370 silly gunzTarPerm extractEntry src/browser/server/ReactMarkupChecksum.js
371 silly gunzTarPerm extractEntry src/browser/server/ReactServerRendering.js
372 silly gunzTarPerm extractEntry src/browser/server/ReactServerRenderingTransaction.js
373 silly gunzTarPerm extractEntry src/browser/server/ServerReactRootIndex.js
374 silly gunzTarPerm extractEntry src/browser/server/__tests__/ReactServerRendering-test.js
375 silly gunzTarPerm extractEntry src/browser/syntheticEvents/SyntheticClipboardEvent.js
376 silly gunzTarPerm extractEntry src/browser/syntheticEvents/SyntheticDragEvent.js
377 silly gunzTarPerm extractEntry src/browser/syntheticEvents/SyntheticEvent.js
378 silly gunzTarPerm extractEntry src/browser/syntheticEvents/SyntheticFocusEvent.js
379 silly gunzTarPerm extractEntry src/browser/syntheticEvents/SyntheticInputEvent.js
380 silly gunzTarPerm extractEntry src/browser/syntheticEvents/SyntheticCompositionEvent.js
381 silly gunzTarPerm extractEntry src/browser/syntheticEvents/SyntheticMouseEvent.js
382 silly gunzTarPerm extractEntry src/browser/syntheticEvents/SyntheticTouchEvent.js
383 silly gunzTarPerm extractEntry src/browser/syntheticEvents/SyntheticUIEvent.js
384 silly gunzTarPerm extractEntry src/browser/syntheticEvents/SyntheticWheelEvent.js
385 silly gunzTarPerm extractEntry src/browser/syntheticEvents/SyntheticKeyboardEvent.js
386 silly gunzTarPerm extractEntry src/browser/syntheticEvents/__tests__/SyntheticEvent-test.js
387 silly gunzTarPerm extractEntry src/browser/syntheticEvents/__tests__/SyntheticWheelEvent-test.js
388 silly gunzTarPerm extractEntry src/browser/ui/React.js
389 silly gunzTarPerm extractEntry src/browser/ui/ReactComponentBrowserEnvironment.js
390 silly gunzTarPerm extractEntry src/browser/ui/ReactDOMComponent.js
391 silly gunzTarPerm extractEntry src/browser/ui/ReactDOMIDOperations.js
392 silly gunzTarPerm extractEntry src/browser/ui/ReactDOMSelection.js
393 silly gunzTarPerm extractEntry src/browser/ui/ReactDefaultInjection.js
394 silly gunzTarPerm extractEntry src/browser/ui/ReactBrowserComponentMixin.js
395 silly gunzTarPerm extractEntry src/browser/ui/ReactInjection.js
396 silly gunzTarPerm extractEntry src/browser/ui/ReactInputSelection.js
397 silly gunzTarPerm extractEntry src/browser/ui/ReactMount.js
398 silly gunzTarPerm extractEntry src/browser/ui/getReactRootElementInContainer.js
399 silly gunzTarPerm extractEntry src/browser/ui/ReactEventListener.js
400 silly gunzTarPerm extractEntry src/browser/ui/__tests__/ReactDOMComponent-test.js
401 silly gunzTarPerm extractEntry src/browser/ui/__tests__/ReactDOMIDOperations-test.js
402 silly gunzTarPerm extractEntry src/browser/ui/__tests__/ReactEventListener-test.js
403 silly gunzTarPerm extractEntry src/browser/ui/__tests__/ReactMount-test.js
404 silly gunzTarPerm extractEntry src/browser/ui/__tests__/ReactMountDestruction-test.js
405 silly gunzTarPerm extractEntry src/browser/ui/__tests__/ReactRenderDocument-test.js
406 silly gunzTarPerm extractEntry src/browser/ui/dom/CSSProperty.js
407 silly gunzTarPerm extractEntry src/browser/ui/dom/Danger.js
408 silly gunzTarPerm extractEntry src/browser/ui/dom/HTMLDOMPropertyConfig.js
409 silly gunzTarPerm extractEntry src/browser/ui/dom/SVGDOMPropertyConfig.js
410 silly gunzTarPerm extractEntry src/browser/ui/dom/ViewportMetrics.js
411 silly gunzTarPerm extractEntry src/browser/ui/dom/DOMPropertyOperations.js
412 silly gunzTarPerm extractEntry src/browser/ui/dom/isEventSupported.js
413 silly gunzTarPerm extractEntry src/browser/ui/dom/dangerousStyleValue.js
414 silly gunzTarPerm extractEntry src/browser/ui/dom/getEventKey.js
415 silly gunzTarPerm extractEntry src/browser/ui/dom/getEventModifierState.js
416 silly gunzTarPerm extractEntry src/browser/ui/dom/getEventTarget.js
417 silly gunzTarPerm extractEntry src/browser/ui/dom/DOMProperty.js
418 silly gunzTarPerm extractEntry src/browser/ui/dom/getNodeForCharacterOffset.js
419 silly gunzTarPerm extractEntry src/browser/ui/dom/DOMChildrenOperations.js
420 silly gunzTarPerm extractEntry src/browser/ui/dom/getTextContentAccessor.js
421 silly gunzTarPerm extractEntry src/browser/ui/dom/CSSPropertyOperations.js
422 silly gunzTarPerm extractEntry src/browser/ui/dom/setInnerHTML.js
423 silly gunzTarPerm extractEntry src/browser/ui/dom/components/AutoFocusMixin.js
424 silly gunzTarPerm extractEntry src/browser/ui/dom/components/LocalEventTrapMixin.js
425 silly gunzTarPerm extractEntry src/browser/ui/dom/components/ReactDOMButton.js
426 silly gunzTarPerm extractEntry src/browser/ui/dom/components/ReactDOMForm.js
427 silly gunzTarPerm extractEntry src/browser/ui/dom/components/ReactDOMImg.js
428 silly gunzTarPerm extractEntry src/browser/ui/dom/components/LinkedValueUtils.js
429 silly gunzTarPerm extractEntry src/browser/ui/dom/components/ReactDOMOption.js
430 silly gunzTarPerm extractEntry src/browser/ui/dom/components/ReactDOMSelect.js
431 silly gunzTarPerm extractEntry src/browser/ui/dom/components/ReactDOMTextarea.js
432 silly gunzTarPerm extractEntry src/browser/ui/dom/components/createFullPageComponent.js
433 silly gunzTarPerm extractEntry src/browser/ui/dom/components/ReactDOMInput.js
434 silly gunzTarPerm extractEntry src/browser/ui/dom/components/__tests__/ReactDOMButton-test.js
435 silly gunzTarPerm extractEntry src/browser/ui/dom/components/__tests__/ReactDOMInput-test.js
436 silly gunzTarPerm extractEntry src/browser/ui/dom/components/__tests__/ReactDOMSelect-test.js
437 silly gunzTarPerm extractEntry src/browser/ui/dom/components/__tests__/ReactDOMTextarea-test.js
438 silly gunzTarPerm extractEntry src/browser/ui/dom/__tests__/CSSProperty-test.js
439 silly gunzTarPerm extractEntry src/browser/ui/dom/__tests__/CSSPropertyOperations-test.js
440 silly gunzTarPerm extractEntry src/browser/ui/dom/__tests__/DOMPropertyOperations-test.js
441 silly gunzTarPerm extractEntry src/browser/ui/dom/__tests__/Danger-test.js
442 silly gunzTarPerm extractEntry src/browser/ui/dom/__tests__/getNodeForCharacterOffset-test.js
443 silly gunzTarPerm extractEntry src/core/ReactComponent.js
444 silly gunzTarPerm extractEntry src/core/ReactEmptyComponent.js
445 silly gunzTarPerm extractEntry src/core/ReactEventEmitterMixin.js
446 silly gunzTarPerm extractEntry src/core/ReactInstanceHandles.js
447 silly gunzTarPerm extractEntry src/core/ReactDoNotBindDeprecated.js
448 silly gunzTarPerm extractEntry src/core/ReactCompositeComponent.js
449 silly gunzTarPerm extractEntry src/core/ReactOwner.js
450 silly gunzTarPerm extractEntry src/core/ReactPropTransferer.js
451 silly gunzTarPerm extractEntry src/core/ReactPropTypeLocationNames.js
452 silly gunzTarPerm extractEntry src/core/ReactPropTypeLocations.js
453 silly gunzTarPerm extractEntry src/core/ReactDescriptorValidator.js
454 silly gunzTarPerm extractEntry src/core/ReactPropTypes.js
455 silly gunzTarPerm extractEntry src/core/ReactDescriptor.js
456 silly gunzTarPerm extractEntry src/core/ReactRootIndex.js
457 silly gunzTarPerm extractEntry src/core/ReactDefaultBatchingStrategy.js
458 silly gunzTarPerm extractEntry src/core/ReactStateSetters.js
459 silly gunzTarPerm extractEntry src/core/ReactCurrentOwner.js
460 silly gunzTarPerm extractEntry src/core/ReactUpdates.js
461 silly gunzTarPerm extractEntry src/core/ReactContext.js
462 silly gunzTarPerm extractEntry src/core/instantiateReactComponent.js
463 silly gunzTarPerm extractEntry src/core/ReactMultiChild.js
464 silly gunzTarPerm extractEntry src/core/shouldUpdateReactComponent.js
465 silly gunzTarPerm extractEntry src/core/ReactMultiChildUpdateTypes.js
466 silly gunzTarPerm extractEntry src/core/__tests__/ReactBind-test.js
467 silly gunzTarPerm extractEntry src/core/__tests__/ReactCompositeComponentSpec-test.js
468 silly gunzTarPerm extractEntry src/core/__tests__/ReactCompositeComponentState-test.js
469 silly gunzTarPerm extractEntry src/core/__tests__/ReactDescriptor-test.js
470 silly gunzTarPerm extractEntry src/core/__tests__/ReactIdentity-test.js
471 silly gunzTarPerm extractEntry src/core/__tests__/ReactCompositeComponentMixin-test.js
472 silly gunzTarPerm extractEntry src/core/__tests__/ReactMultiChild-test.js
473 silly gunzTarPerm extractEntry src/core/__tests__/ReactMultiChildReconcile-test.js
474 silly gunzTarPerm extractEntry src/core/__tests__/ReactMultiChildText-test.js
475 silly gunzTarPerm extractEntry src/core/__tests__/ReactPropTransferer-test.js
476 silly gunzTarPerm extractEntry src/core/__tests__/ReactPropTypes-test.js
477 silly gunzTarPerm extractEntry src/core/__tests__/ReactCompositeComponentError-test.js
478 silly gunzTarPerm extractEntry src/core/__tests__/ReactStateSetters-test.js
479 silly gunzTarPerm extractEntry src/core/__tests__/ReactCompositeComponentDOMMinimalism-test.js
480 silly gunzTarPerm extractEntry src/core/__tests__/ReactTextComponent-test.js
481 silly gunzTarPerm extractEntry src/core/__tests__/ReactCompositeComponent-test.js
482 silly gunzTarPerm extractEntry src/core/__tests__/ReactUpdates-test.js
483 silly gunzTarPerm extractEntry src/core/__tests__/ReactComponentLifeCycle-test.js
484 silly gunzTarPerm extractEntry src/core/__tests__/refs-destruction-test.js
485 silly gunzTarPerm extractEntry src/core/__tests__/ReactComponent-test.js
486 silly gunzTarPerm extractEntry src/core/__tests__/refs-test.js
487 silly gunzTarPerm extractEntry src/core/__tests__/ReactInstanceHandles-test.js
488 silly gunzTarPerm extractEntry src/event/EventConstants.js
489 silly gunzTarPerm extractEntry src/event/EventPluginHub.js
490 silly gunzTarPerm extractEntry src/event/EventPluginRegistry.js
491 silly gunzTarPerm extractEntry src/event/EventPluginUtils.js
492 silly gunzTarPerm extractEntry src/event/EventPropagators.js
493 silly gunzTarPerm extractEntry src/event/__tests__/EventPluginHub-test.js
494 silly gunzTarPerm extractEntry src/event/__tests__/EventPluginRegistry-test.js
495 silly gunzTarPerm extractEntry src/test/ReactDefaultPerf.js
496 silly gunzTarPerm extractEntry src/test/ReactTestUtils.js
497 silly gunzTarPerm extractEntry src/test/all.js
498 silly gunzTarPerm extractEntry src/test/createHierarchyRenderer.js
499 silly gunzTarPerm extractEntry src/test/ReactPerf.js
500 silly gunzTarPerm extractEntry src/test/mock-modules.js
501 silly gunzTarPerm extractEntry src/test/mock-timers.js
502 silly gunzTarPerm extractEntry src/test/mocks.js
503 silly gunzTarPerm extractEntry src/test/phantomjs-shims.js
504 silly gunzTarPerm extractEntry src/test/reactComponentExpect.js
505 silly gunzTarPerm extractEntry src/test/ReactDefaultPerfAnalysis.js
506 silly gunzTarPerm extractEntry src/test/worker.js
507 silly gunzTarPerm extractEntry src/test/getTestDocument.js
508 silly gunzTarPerm extractEntry src/utils/CallbackQueue.js
509 silly gunzTarPerm extractEntry src/utils/accumulate.js
510 silly gunzTarPerm extractEntry src/utils/adler32.js
511 silly gunzTarPerm extractEntry src/utils/cloneWithProps.js
512 silly gunzTarPerm extractEntry src/utils/sliceChildren.js
513 silly gunzTarPerm extractEntry src/utils/LegacyImmutableObject.js
514 silly gunzTarPerm extractEntry src/utils/forEachAccumulated.js
515 silly gunzTarPerm extractEntry src/utils/isTextInputElement.js
516 silly gunzTarPerm extractEntry src/utils/joinClasses.js
517 silly gunzTarPerm extractEntry src/utils/keyMirror.js
518 silly gunzTarPerm extractEntry src/utils/Transaction.js
519 silly gunzTarPerm extractEntry src/utils/memoizeStringOnly.js
520 silly gunzTarPerm extractEntry src/utils/ReactChildren.js
521 silly gunzTarPerm extractEntry src/utils/mixInto.js
522 silly gunzTarPerm extractEntry src/utils/PooledClass.js
523 silly gunzTarPerm extractEntry src/utils/onlyChild.js
524 silly gunzTarPerm extractEntry src/utils/OrderedMap.js
525 silly gunzTarPerm extractEntry src/utils/shallowEqual.js
526 silly gunzTarPerm extractEntry src/utils/escapeTextForBrowser.js
527 silly gunzTarPerm extractEntry src/utils/traverseAllChildren.js
528 silly gunzTarPerm extractEntry src/utils/flattenChildren.js
529 silly gunzTarPerm extractEntry src/utils/__tests__/LegacyImmutableObject-test.js
530 silly gunzTarPerm extractEntry src/utils/__tests__/ReactChildren-test.js
531 silly gunzTarPerm extractEntry src/utils/__tests__/Transaction-test.js
532 silly gunzTarPerm extractEntry src/utils/__tests__/cloneWithProps-test.js
533 silly gunzTarPerm extractEntry src/utils/__tests__/PooledClass-test.js
534 silly gunzTarPerm extractEntry src/utils/__tests__/joinClasses-test.js
535 silly gunzTarPerm extractEntry src/utils/__tests__/keyMirror-test.js
536 silly gunzTarPerm extractEntry src/utils/__tests__/memoizeStringOnly-test.js
537 silly gunzTarPerm extractEntry src/utils/__tests__/onlyChild-test.js
538 silly gunzTarPerm extractEntry src/utils/__tests__/sliceChildren-test.js
539 silly gunzTarPerm extractEntry src/utils/__tests__/OrderedMap-test.js
540 silly gunzTarPerm extractEntry src/utils/__tests__/traverseAllChildren-test.js
541 silly gunzTarPerm extractEntry src/utils/__tests__/escapeTextForBrowser-test.js
542 silly gunzTarPerm extractEntry src/vendor/core/CSSCore.js
543 silly gunzTarPerm extractEntry src/vendor/core/emptyObject.js
544 silly gunzTarPerm extractEntry src/vendor/core/getMarkupWrap.js
545 silly gunzTarPerm extractEntry src/vendor/core/hyphenate.js
546 silly gunzTarPerm extractEntry src/vendor/core/emptyFunction.js
547 silly gunzTarPerm extractEntry src/vendor/core/ExecutionEnvironment.js
548 silly gunzTarPerm extractEntry src/vendor/core/keyOf.js
549 silly gunzTarPerm extractEntry src/vendor/core/mapObject.js
550 silly gunzTarPerm extractEntry src/vendor/core/merge.js
551 silly gunzTarPerm extractEntry src/vendor/core/mergeDeep.js
552 silly gunzTarPerm extractEntry src/vendor/core/toArray.js
553 silly gunzTarPerm extractEntry src/vendor/core/mergeDeepInto.js
554 silly gunzTarPerm extractEntry src/vendor/core/createNodesFromMarkup.js
555 silly gunzTarPerm extractEntry src/vendor/core/mergeHelpers.js
556 silly gunzTarPerm extractEntry src/vendor/core/createArrayFrom.js
557 silly gunzTarPerm extractEntry src/vendor/core/mergeInto.js
558 silly gunzTarPerm extractEntry src/vendor/core/copyProperties.js
559 silly gunzTarPerm extractEntry src/vendor/core/monitorCodeUse.js
560 silly gunzTarPerm extractEntry src/vendor/core/camelize.js
561 silly gunzTarPerm extractEntry src/vendor/core/nativeRequestAnimationFrame.js
562 silly gunzTarPerm extractEntry src/vendor/core/TouchEventUtils.js
563 silly gunzTarPerm extractEntry src/vendor/core/requestAnimationFrame.js
564 silly gunzTarPerm extractEntry src/vendor/core/hyphenateStyleName.js
565 silly gunzTarPerm extractEntry src/vendor/core/warning.js
566 silly gunzTarPerm extractEntry src/vendor/core/invariant.js
567 silly gunzTarPerm extractEntry src/vendor/core/dom/containsNode.js
568 silly gunzTarPerm extractEntry src/vendor/core/dom/focusNode.js
569 silly gunzTarPerm extractEntry src/vendor/core/dom/getActiveElement.js
570 silly gunzTarPerm extractEntry src/vendor/core/dom/getUnboundedScrollPosition.js
571 silly gunzTarPerm extractEntry src/vendor/core/dom/isNode.js
572 silly gunzTarPerm extractEntry src/vendor/core/dom/isTextNode.js
573 silly gunzTarPerm extractEntry src/vendor/immutable/Immutable.js
574 silly gunzTarPerm extractEntry src/vendor/immutable/ImmutableObject.js
575 silly gunzTarPerm extractEntry src/vendor/immutable/__tests__/ImmutableObject-test.js
576 silly gunzTarPerm extractEntry src/vendor/performance/performance.js
577 silly gunzTarPerm extractEntry src/vendor/performance/performanceNow.js
578 silly gunzTarPerm extractEntry src/vendor/stubs/EventListener.js
579 silly gunzTarPerm extractEntry src/vendor/stubs/ReactErrorUtils.js
580 silly gunzTarPerm extractEntry src/vendor/stubs/cx.js
581 silly gunzTarPerm extractEntry vendor/fbtransform/syntax.js
582 silly gunzTarPerm extractEntry vendor/fbtransform/visitors.js
583 silly gunzTarPerm extractEntry vendor/fbtransform/transforms/react.js
584 silly gunzTarPerm extractEntry vendor/fbtransform/transforms/reactDisplayName.js
585 silly gunzTarPerm extractEntry vendor/fbtransform/transforms/xjs.js
586 silly gunzTarPerm extractEntry vendor/fbtransform/transforms/__tests__/react-displayName-test.js
587 silly gunzTarPerm extractEntry vendor/fbtransform/transforms/__tests__/react-test.js
588 silly lockFile 483f1960--13-lib-node-modules-react-tools tar:///Users/validity/.nvm/v0.11.13/lib/node_modules/react-tools
589 silly lockFile 483f1960--13-lib-node-modules-react-tools tar:///Users/validity/.nvm/v0.11.13/lib/node_modules/react-tools
590 silly lockFile 0ce87286-m-react-tools-0-11-1-package-tgz tar:///Users/validity/.npm/react-tools/0.11.1/package.tgz
591 silly lockFile 0ce87286-m-react-tools-0-11-1-package-tgz tar:///Users/validity/.npm/react-tools/0.11.1/package.tgz
592 info preinstall react-tools@0.11.1
593 verbose readDependencies using package.json deps
594 verbose readDependencies using package.json deps
595 verbose cache add [ 'commoner@^0.9.6', null ]
596 verbose cache add name=undefined spec="commoner@^0.9.6" args=["commoner@^0.9.6",null]
597 verbose parsed url { protocol: null,
597 verbose parsed url   slashes: null,
597 verbose parsed url   auth: null,
597 verbose parsed url   host: null,
597 verbose parsed url   port: null,
597 verbose parsed url   hostname: null,
597 verbose parsed url   hash: null,
597 verbose parsed url   search: null,
597 verbose parsed url   query: null,
597 verbose parsed url   pathname: 'commoner@%5E0.9.6',
597 verbose parsed url   path: 'commoner@%5E0.9.6',
597 verbose parsed url   href: 'commoner@%5E0.9.6' }
598 verbose cache add name="commoner" spec="^0.9.6" args=["commoner","^0.9.6"]
599 verbose parsed url { protocol: null,
599 verbose parsed url   slashes: null,
599 verbose parsed url   auth: null,
599 verbose parsed url   host: null,
599 verbose parsed url   port: null,
599 verbose parsed url   hostname: null,
599 verbose parsed url   hash: null,
599 verbose parsed url   search: null,
599 verbose parsed url   query: null,
599 verbose parsed url   pathname: '%5E0.9.6',
599 verbose parsed url   path: '%5E0.9.6',
599 verbose parsed url   href: '%5E0.9.6' }
600 verbose addNamed [ 'commoner', '^0.9.6' ]
601 verbose addNamed [ null, '>=0.9.6-0 <0.10.0-0' ]
602 silly lockFile bf94ea7c-commoner-0-9-6 commoner@^0.9.6
603 verbose lock commoner@^0.9.6 /Users/validity/.npm/bf94ea7c-commoner-0-9-6.lock
604 verbose cache add [ 'esprima-fb@^4001.3001.0-dev-harmony-fb', null ]
605 verbose cache add name=undefined spec="esprima-fb@^4001.3001.0-dev-harmony-fb" args=["esprima-fb@^4001.3001.0-dev-harmony-fb",null]
606 verbose parsed url { protocol: null,
606 verbose parsed url   slashes: null,
606 verbose parsed url   auth: null,
606 verbose parsed url   host: null,
606 verbose parsed url   port: null,
606 verbose parsed url   hostname: null,
606 verbose parsed url   hash: null,
606 verbose parsed url   search: null,
606 verbose parsed url   query: null,
606 verbose parsed url   pathname: 'esprima-fb@%5E4001.3001.0-dev-harmony-fb',
606 verbose parsed url   path: 'esprima-fb@%5E4001.3001.0-dev-harmony-fb',
606 verbose parsed url   href: 'esprima-fb@%5E4001.3001.0-dev-harmony-fb' }
607 verbose cache add name="esprima-fb" spec="^4001.3001.0-dev-harmony-fb" args=["esprima-fb","^4001.3001.0-dev-harmony-fb"]
608 verbose parsed url { protocol: null,
608 verbose parsed url   slashes: null,
608 verbose parsed url   auth: null,
608 verbose parsed url   host: null,
608 verbose parsed url   port: null,
608 verbose parsed url   hostname: null,
608 verbose parsed url   hash: null,
608 verbose parsed url   search: null,
608 verbose parsed url   query: null,
608 verbose parsed url   pathname: '%5E4001.3001.0-dev-harmony-fb',
608 verbose parsed url   path: '%5E4001.3001.0-dev-harmony-fb',
608 verbose parsed url   href: '%5E4001.3001.0-dev-harmony-fb' }
609 verbose addNamed [ 'esprima-fb', '^4001.3001.0-dev-harmony-fb' ]
610 verbose addNamed [ null, '>=4001.3001.0-dev-harmony-fb <4002.0.0-0' ]
611 silly lockFile 7f9fbb0d-ma-fb-4001-3001-0-dev-harmony-fb esprima-fb@^4001.3001.0-dev-harmony-fb
612 verbose lock esprima-fb@^4001.3001.0-dev-harmony-fb /Users/validity/.npm/7f9fbb0d-ma-fb-4001-3001-0-dev-harmony-fb.lock
613 verbose cache add [ 'jstransform@^6.0.1', null ]
614 verbose cache add name=undefined spec="jstransform@^6.0.1" args=["jstransform@^6.0.1",null]
615 verbose parsed url { protocol: null,
615 verbose parsed url   slashes: null,
615 verbose parsed url   auth: null,
615 verbose parsed url   host: null,
615 verbose parsed url   port: null,
615 verbose parsed url   hostname: null,
615 verbose parsed url   hash: null,
615 verbose parsed url   search: null,
615 verbose parsed url   query: null,
615 verbose parsed url   pathname: 'jstransform@%5E6.0.1',
615 verbose parsed url   path: 'jstransform@%5E6.0.1',
615 verbose parsed url   href: 'jstransform@%5E6.0.1' }
616 verbose cache add name="jstransform" spec="^6.0.1" args=["jstransform","^6.0.1"]
617 verbose parsed url { protocol: null,
617 verbose parsed url   slashes: null,
617 verbose parsed url   auth: null,
617 verbose parsed url   host: null,
617 verbose parsed url   port: null,
617 verbose parsed url   hostname: null,
617 verbose parsed url   hash: null,
617 verbose parsed url   search: null,
617 verbose parsed url   query: null,
617 verbose parsed url   pathname: '%5E6.0.1',
617 verbose parsed url   path: '%5E6.0.1',
617 verbose parsed url   href: '%5E6.0.1' }
618 verbose addNamed [ 'jstransform', '^6.0.1' ]
619 verbose addNamed [ null, '>=6.0.1-0 <7.0.0-0' ]
620 silly lockFile caf2c5bb-jstransform-6-0-1 jstransform@^6.0.1
621 verbose lock jstransform@^6.0.1 /Users/validity/.npm/caf2c5bb-jstransform-6-0-1.lock
622 silly addNameRange { name: 'commoner',
622 silly addNameRange   range: '>=0.9.6-0 <0.10.0-0',
622 silly addNameRange   hasData: false }
623 silly addNameRange { name: 'esprima-fb',
623 silly addNameRange   range: '>=4001.3001.0-dev-harmony-fb <4002.0.0-0',
623 silly addNameRange   hasData: false }
624 silly addNameRange { name: 'jstransform',
624 silly addNameRange   range: '>=6.0.1-0 <7.0.0-0',
624 silly addNameRange   hasData: false }
625 verbose url raw commoner
626 verbose url resolving [ 'https://registry.npmjs.org/', './commoner' ]
627 verbose url resolved https://registry.npmjs.org/commoner
628 info trying registry request attempt 1 at 20:03:31
629 http GET https://registry.npmjs.org/commoner
630 verbose url raw jstransform
631 verbose url resolving [ 'https://registry.npmjs.org/', './jstransform' ]
632 verbose url resolved https://registry.npmjs.org/jstransform
633 info trying registry request attempt 1 at 20:03:31
634 verbose etag "1LCWV787D3DLMU5WGB1H88PE5"
635 http GET https://registry.npmjs.org/jstransform
636 verbose url raw esprima-fb
637 verbose url resolving [ 'https://registry.npmjs.org/', './esprima-fb' ]
638 verbose url resolved https://registry.npmjs.org/esprima-fb
639 info trying registry request attempt 1 at 20:03:31
640 verbose etag "AFJ3L5DQYQ9MGSG2CVSYKMM77"
641 http GET https://registry.npmjs.org/esprima-fb
642 http 304 https://registry.npmjs.org/jstransform
643 silly registry.get cb [ 304,
643 silly registry.get   { date: 'Sat, 13 Sep 2014 02:03:33 GMT',
643 silly registry.get     server: 'Apache',
643 silly registry.get     via: '1.1 varnish',
643 silly registry.get     'last-modified': 'Sat, 13 Sep 2014 02:01:13 GMT',
643 silly registry.get     'cache-control': 'max-age=60',
643 silly registry.get     etag: '"1LCWV787D3DLMU5WGB1H88PE5"',
643 silly registry.get     'x-served-by': 'cache-dfw1833-DFW',
643 silly registry.get     'x-cache': 'HIT',
643 silly registry.get     'x-cache-hits': '1',
643 silly registry.get     'x-timer': 'S1410573813.235160,VS0,VE0',
643 silly registry.get     vary: 'Accept',
643 silly registry.get     'content-length': '0',
643 silly registry.get     connection: 'close' } ]
644 verbose etag jstransform from cache
645 http 304 https://registry.npmjs.org/esprima-fb
646 silly registry.get cb [ 304,
646 silly registry.get   { date: 'Sat, 13 Sep 2014 02:03:33 GMT',
646 silly registry.get     server: 'Apache',
646 silly registry.get     via: '1.1 varnish',
646 silly registry.get     'last-modified': 'Sat, 13 Sep 2014 02:03:33 GMT',
646 silly registry.get     'cache-control': 'max-age=60',
646 silly registry.get     etag: '"AFJ3L5DQYQ9MGSG2CVSYKMM77"',
646 silly registry.get     'x-served-by': 'cache-dfw1821-DFW',
646 silly registry.get     'x-cache': 'HIT',
646 silly registry.get     'x-cache-hits': '1',
646 silly registry.get     'x-timer': 'S1410573813.235187,VS0,VE0',
646 silly registry.get     vary: 'Accept',
646 silly registry.get     'content-length': '0',
646 silly registry.get     connection: 'close' } ]
647 verbose etag esprima-fb from cache
648 silly addNameRange number 2 { name: 'jstransform',
648 silly addNameRange   range: '>=6.0.1-0 <7.0.0-0',
648 silly addNameRange   hasData: true }
649 silly addNameRange versions [ 'jstransform',
649 silly addNameRange   [ '1.0.0',
649 silly addNameRange     '1.0.1',
649 silly addNameRange     '2.0.1',
649 silly addNameRange     '2.0.2',
649 silly addNameRange     '2.0.3',
649 silly addNameRange     '3.0.0',
649 silly addNameRange     '4.0.0',
649 silly addNameRange     '4.0.1',
649 silly addNameRange     '5.0.0',
649 silly addNameRange     '6.0.0',
649 silly addNameRange     '6.0.1',
649 silly addNameRange     '6.1.0',
649 silly addNameRange     '6.2.0' ] ]
650 verbose addNamed [ 'jstransform', '6.2.0' ]
651 verbose addNamed [ '6.2.0', '6.2.0' ]
652 silly lockFile 23943e25-jstransform-6-2-0 jstransform@6.2.0
653 verbose lock jstransform@6.2.0 /Users/validity/.npm/23943e25-jstransform-6-2-0.lock
654 silly addNameRange number 2 { name: 'esprima-fb',
654 silly addNameRange   range: '>=4001.3001.0-dev-harmony-fb <4002.0.0-0',
654 silly addNameRange   hasData: true }
655 silly addNameRange versions [ 'esprima-fb',
655 silly addNameRange   [ '1001.1001.1000-dev-harmony-fb',
655 silly addNameRange     '1001.1001.1001-dev-harmony-fb',
655 silly addNameRange     '1001.1001.2000-dev-harmony-fb',
655 silly addNameRange     '2001.1001.2000-dev-harmony-fb',
655 silly addNameRange     '2001.1001.0-dev-harmony-fb',
655 silly addNameRange     '3001.1.0-dev-harmony-fb',
655 silly addNameRange     '4001.1.0-dev-harmony-fb',
655 silly addNameRange     '4001.1001.0-dev-harmony-fb',
655 silly addNameRange     '4001.3001.0-dev-harmony-fb',
655 silly addNameRange     '5001.1.0-dev-harmony-fb',
655 silly addNameRange     '6001.1.0-dev-harmony-fb',
655 silly addNameRange     '6001.1001.0-dev-harmony-fb' ] ]
656 verbose addNamed [ 'esprima-fb', '4001.3001.0-dev-harmony-fb' ]
657 verbose addNamed [ '4001.3001.0-dev-harmony-fb', '4001.3001.0-dev-harmony-fb' ]
658 silly lockFile 67f519b3-ma-fb-4001-3001-0-dev-harmony-fb esprima-fb@4001.3001.0-dev-harmony-fb
659 verbose lock esprima-fb@4001.3001.0-dev-harmony-fb /Users/validity/.npm/67f519b3-ma-fb-4001-3001-0-dev-harmony-fb.lock
660 silly lockFile 08530aac-stransform-jstransform-6-2-0-tgz http://192.168.211.100:5984/registry/_design/app/_rewrite/jstransform/-/jstransform-6.2.0.tgz
661 verbose lock http://192.168.211.100:5984/registry/_design/app/_rewrite/jstransform/-/jstransform-6.2.0.tgz /Users/validity/.npm/08530aac-stransform-jstransform-6-2-0-tgz.lock
662 silly lockFile 225ea8eb-b-4001-3001-0-dev-harmony-fb-tgz http://192.168.211.100:5984/registry/_design/app/_rewrite/esprima-fb/-/esprima-fb-4001.3001.0-dev-harmony-fb.tgz
663 verbose lock http://192.168.211.100:5984/registry/_design/app/_rewrite/esprima-fb/-/esprima-fb-4001.3001.0-dev-harmony-fb.tgz /Users/validity/.npm/225ea8eb-b-4001-3001-0-dev-harmony-fb-tgz.lock
664 verbose addRemoteTarball [ 'http://192.168.211.100:5984/registry/_design/app/_rewrite/jstransform/-/jstransform-6.2.0.tgz',
664 verbose addRemoteTarball   'ebc7e99d8d1a8e48c6a0dbe444ee5dc9cbda3255' ]
665 info retry fetch attempt 1 at 20:03:31
666 verbose fetch to= /var/folders/9s/g93j4xhs1dz_tw_fssh1yl6c0000gn/T/npm-20480-5a1fc4v-/1410573811408-0.8752598098944873/tmp.tgz
667 verbose addRemoteTarball [ 'http://192.168.211.100:5984/registry/_design/app/_rewrite/esprima-fb/-/esprima-fb-4001.3001.0-dev-harmony-fb.tgz',
667 verbose addRemoteTarball   '659f1f5dc87f2f474db234a7db2a1b6c3e40af14' ]
668 info retry fetch attempt 1 at 20:03:31
669 verbose fetch to= /var/folders/9s/g93j4xhs1dz_tw_fssh1yl6c0000gn/T/npm-20480-5a1fc4v-/1410573811408-0.7829544979613274/tmp.tgz
670 http GET http://192.168.211.100:5984/registry/_design/app/_rewrite/jstransform/-/jstransform-6.2.0.tgz
671 http GET http://192.168.211.100:5984/registry/_design/app/_rewrite/esprima-fb/-/esprima-fb-4001.3001.0-dev-harmony-fb.tgz
672 http 200 https://registry.npmjs.org/commoner
673 silly registry.get cb [ 200,
673 silly registry.get   { date: 'Sat, 13 Sep 2014 02:03:33 GMT',
673 silly registry.get     server: 'CouchDB/1.5.0 (Erlang OTP/R16B03)',
673 silly registry.get     etag: '"B0SGZTFH970X9VKFXWT2FO1KZ"',
673 silly registry.get     'content-type': 'application/json',
673 silly registry.get     'cache-control': 'max-age=60',
673 silly registry.get     'content-length': '75365',
673 silly registry.get     'accept-ranges': 'bytes',
673 silly registry.get     via: '1.1 varnish',
673 silly registry.get     age: '14742',
673 silly registry.get     'x-served-by': 'cache-dfw1834-DFW',
673 silly registry.get     'x-cache': 'HIT',
673 silly registry.get     'x-cache-hits': '2',
673 silly registry.get     'x-timer': 'S1410573813.234986,VS0,VE0',
673 silly registry.get     vary: 'Accept',
673 silly registry.get     connection: 'close' } ]
674 silly addNameRange number 2 { name: 'commoner', range: '>=0.9.6-0 <0.10.0-0', hasData: true }
675 silly addNameRange versions [ 'commoner',
675 silly addNameRange   [ '0.5.1',
675 silly addNameRange     '0.5.2',
675 silly addNameRange     '0.5.3',
675 silly addNameRange     '0.5.4',
675 silly addNameRange     '0.5.5',
675 silly addNameRange     '0.5.6',
675 silly addNameRange     '0.5.7',
675 silly addNameRange     '0.5.8',
675 silly addNameRange     '0.5.9',
675 silly addNameRange     '0.6.0',
675 silly addNameRange     '0.6.1',
675 silly addNameRange     '0.6.3',
675 silly addNameRange     '0.6.4',
675 silly addNameRange     '0.6.5',
675 silly addNameRange     '0.6.6',
675 silly addNameRange     '0.6.7',
675 silly addNameRange     '0.6.8',
675 silly addNameRange     '0.6.9',
675 silly addNameRange     '0.6.10',
675 silly addNameRange     '0.6.11',
675 silly addNameRange     '0.6.12',
675 silly addNameRange     '0.7.0',
675 silly addNameRange     '0.7.1',
675 silly addNameRange     '0.8.0',
675 silly addNameRange     '0.8.1',
675 silly addNameRange     '0.8.2',
675 silly addNameRange     '0.8.3',
675 silly addNameRange     '0.8.4',
675 silly addNameRange     '0.8.5',
675 silly addNameRange     '0.8.6',
675 silly addNameRange     '0.8.7',
675 silly addNameRange     '0.8.8',
675 silly addNameRange     '0.8.9',
675 silly addNameRange     '0.8.11',
675 silly addNameRange     '0.8.12',
675 silly addNameRange     '0.8.13',
675 silly addNameRange     '0.8.14',
675 silly addNameRange     '0.8.15',
675 silly addNameRange     '0.9.0',
675 silly addNameRange     '0.9.1',
675 silly addNameRange     '0.9.2',
675 silly addNameRange     '0.9.3',
675 silly addNameRange     '0.9.4',
675 silly addNameRange     '0.9.5',
675 silly addNameRange     '0.9.6',
675 silly addNameRange     '0.9.7',
675 silly addNameRange     '0.9.8',
675 silly addNameRange     '0.10.0' ] ]
676 verbose addNamed [ 'commoner', '0.9.8' ]
677 verbose addNamed [ '0.9.8', '0.9.8' ]
678 silly lockFile 71f2793d-commoner-0-9-8 commoner@0.9.8
679 verbose lock commoner@0.9.8 /Users/validity/.npm/71f2793d-commoner-0-9-8.lock
680 silly lockFile 98acb20a--org-commoner-commoner-0-9-8-tgz https://registry.npmjs.org/commoner/-/commoner-0.9.8.tgz
681 verbose lock https://registry.npmjs.org/commoner/-/commoner-0.9.8.tgz /Users/validity/.npm/98acb20a--org-commoner-commoner-0-9-8-tgz.lock
682 verbose addRemoteTarball [ 'https://registry.npmjs.org/commoner/-/commoner-0.9.8.tgz',
682 verbose addRemoteTarball   '22f59588f134a3afa04aaea97e8bb574972acded' ]
683 info retry fetch attempt 1 at 20:03:31
684 verbose fetch to= /var/folders/9s/g93j4xhs1dz_tw_fssh1yl6c0000gn/T/npm-20480-5a1fc4v-/1410573811553-0.974736486794427/tmp.tgz
685 http GET https://registry.npmjs.org/commoner/-/commoner-0.9.8.tgz
686 http 200 https://registry.npmjs.org/commoner/-/commoner-0.9.8.tgz
687 verbose tar unpack /var/folders/9s/g93j4xhs1dz_tw_fssh1yl6c0000gn/T/npm-20480-5a1fc4v-/1410573811553-0.974736486794427/tmp.tgz
688 silly lockFile 2dc99150-idity-npm-commoner-0-9-8-package tar:///Users/validity/.npm/commoner/0.9.8/package
689 verbose lock tar:///Users/validity/.npm/commoner/0.9.8/package /Users/validity/.npm/2dc99150-idity-npm-commoner-0-9-8-package.lock
690 silly lockFile 882dccd9-811553-0-974736486794427-tmp-tgz tar:///var/folders/9s/g93j4xhs1dz_tw_fssh1yl6c0000gn/T/npm-20480-5a1fc4v-/1410573811553-0.974736486794427/tmp.tgz
691 verbose lock tar:///var/folders/9s/g93j4xhs1dz_tw_fssh1yl6c0000gn/T/npm-20480-5a1fc4v-/1410573811553-0.974736486794427/tmp.tgz /Users/validity/.npm/882dccd9-811553-0-974736486794427-tmp-tgz.lock
692 silly gunzTarPerm modes [ '755', '644' ]
693 silly gunzTarPerm extractEntry package.json
694 silly gunzTarPerm extractEntry .npmignore
695 silly gunzTarPerm extractEntry README.md
696 silly gunzTarPerm extractEntry LICENSE
697 silly gunzTarPerm extractEntry main.js
698 silly gunzTarPerm extractEntry .travis.yml
699 silly gunzTarPerm extractEntry bin/commonize
700 silly gunzTarPerm extractEntry lib/cache.js
701 silly gunzTarPerm extractEntry lib/commoner.js
702 silly gunzTarPerm extractEntry lib/context.js
703 silly gunzTarPerm extractEntry lib/grep.js
704 silly gunzTarPerm extractEntry lib/output.js
705 silly gunzTarPerm extractEntry lib/reader.js
706 silly gunzTarPerm extractEntry lib/relative.js
707 silly gunzTarPerm extractEntry lib/util.js
708 silly gunzTarPerm extractEntry lib/watcher.js
709 silly gunzTarPerm extractEntry test/run.js
710 silly gunzTarPerm extractEntry test/debug.conf
711 silly gunzTarPerm extractEntry test/release.conf
712 silly gunzTarPerm extractEntry test/source/assert.js
713 silly gunzTarPerm extractEntry test/source/core.js
714 silly gunzTarPerm extractEntry test/source/home.js
715 silly gunzTarPerm extractEntry test/source/login.js
716 silly gunzTarPerm extractEntry test/source/settings.js
717 silly gunzTarPerm extractEntry test/source/third-party.js
718 silly gunzTarPerm extractEntry test/source/roots.json
719 silly gunzTarPerm extractEntry test/source/schema.json
720 silly gunzTarPerm extractEntry test/source/tests/home.js
721 silly gunzTarPerm extractEntry test/source/tests/login.js
722 silly gunzTarPerm extractEntry test/source/tests/settings.js
723 silly gunzTarPerm extractEntry test/source/widget/.bogus.js
724 silly gunzTarPerm extractEntry test/source/widget/common.js
725 silly gunzTarPerm extractEntry test/source/widget/follow.js
726 silly gunzTarPerm extractEntry test/source/widget/gallery.js
727 silly gunzTarPerm extractEntry test/source/widget/share.js
728 silly gunzTarPerm extractEntry test/source/widget/bogus.js~
729 silly lockFile 2dc99150-idity-npm-commoner-0-9-8-package tar:///Users/validity/.npm/commoner/0.9.8/package
730 silly lockFile 2dc99150-idity-npm-commoner-0-9-8-package tar:///Users/validity/.npm/commoner/0.9.8/package
731 silly lockFile 882dccd9-811553-0-974736486794427-tmp-tgz tar:///var/folders/9s/g93j4xhs1dz_tw_fssh1yl6c0000gn/T/npm-20480-5a1fc4v-/1410573811553-0.974736486794427/tmp.tgz
732 silly lockFile 882dccd9-811553-0-974736486794427-tmp-tgz tar:///var/folders/9s/g93j4xhs1dz_tw_fssh1yl6c0000gn/T/npm-20480-5a1fc4v-/1410573811553-0.974736486794427/tmp.tgz
733 silly lockFile 98acb20a--org-commoner-commoner-0-9-8-tgz https://registry.npmjs.org/commoner/-/commoner-0.9.8.tgz
734 silly lockFile 98acb20a--org-commoner-commoner-0-9-8-tgz https://registry.npmjs.org/commoner/-/commoner-0.9.8.tgz
735 silly lockFile 71f2793d-commoner-0-9-8 commoner@0.9.8
736 silly lockFile 71f2793d-commoner-0-9-8 commoner@0.9.8
737 silly lockFile bf94ea7c-commoner-0-9-6 commoner@^0.9.6
738 silly lockFile bf94ea7c-commoner-0-9-6 commoner@^0.9.6
739 error fetch failed http://192.168.211.100:5984/registry/_design/app/_rewrite/esprima-fb/-/esprima-fb-4001.3001.0-dev-harmony-fb.tgz
740 info retry will retry, error on last attempt: Error: connect ETIMEDOUT
741 error fetch failed http://192.168.211.100:5984/registry/_design/app/_rewrite/jstransform/-/jstransform-6.2.0.tgz
742 info retry will retry, error on last attempt: Error: connect ETIMEDOUT
743 info retry fetch attempt 2 at 20:04:57
744 verbose fetch to= /var/folders/9s/g93j4xhs1dz_tw_fssh1yl6c0000gn/T/npm-20480-5a1fc4v-/1410573811408-0.7829544979613274/tmp.tgz
745 info retry fetch attempt 2 at 20:04:57
746 verbose fetch to= /var/folders/9s/g93j4xhs1dz_tw_fssh1yl6c0000gn/T/npm-20480-5a1fc4v-/1410573811408-0.8752598098944873/tmp.tgz
747 http GET http://192.168.211.100:5984/registry/_design/app/_rewrite/esprima-fb/-/esprima-fb-4001.3001.0-dev-harmony-fb.tgz
748 http GET http://192.168.211.100:5984/registry/_design/app/_rewrite/jstransform/-/jstransform-6.2.0.tgz
749 error fetch failed http://192.168.211.100:5984/registry/_design/app/_rewrite/esprima-fb/-/esprima-fb-4001.3001.0-dev-harmony-fb.tgz
750 info retry will retry, error on last attempt: Error: connect ETIMEDOUT
751 error fetch failed http://192.168.211.100:5984/registry/_design/app/_rewrite/jstransform/-/jstransform-6.2.0.tgz
752 info retry will retry, error on last attempt: Error: connect ETIMEDOUT
753 info retry fetch attempt 3 at 20:07:12
754 verbose fetch to= /var/folders/9s/g93j4xhs1dz_tw_fssh1yl6c0000gn/T/npm-20480-5a1fc4v-/1410573811408-0.7829544979613274/tmp.tgz
755 http GET http://192.168.211.100:5984/registry/_design/app/_rewrite/esprima-fb/-/esprima-fb-4001.3001.0-dev-harmony-fb.tgz
756 info retry fetch attempt 3 at 20:07:13
757 verbose fetch to= /var/folders/9s/g93j4xhs1dz_tw_fssh1yl6c0000gn/T/npm-20480-5a1fc4v-/1410573811408-0.8752598098944873/tmp.tgz
758 http GET http://192.168.211.100:5984/registry/_design/app/_rewrite/jstransform/-/jstransform-6.2.0.tgz
759 error fetch failed http://192.168.211.100:5984/registry/_design/app/_rewrite/esprima-fb/-/esprima-fb-4001.3001.0-dev-harmony-fb.tgz
760 silly lockFile 225ea8eb-b-4001-3001-0-dev-harmony-fb-tgz http://192.168.211.100:5984/registry/_design/app/_rewrite/esprima-fb/-/esprima-fb-4001.3001.0-dev-harmony-fb.tgz
761 silly lockFile 225ea8eb-b-4001-3001-0-dev-harmony-fb-tgz http://192.168.211.100:5984/registry/_design/app/_rewrite/esprima-fb/-/esprima-fb-4001.3001.0-dev-harmony-fb.tgz
762 silly lockFile 67f519b3-ma-fb-4001-3001-0-dev-harmony-fb esprima-fb@4001.3001.0-dev-harmony-fb
763 silly lockFile 67f519b3-ma-fb-4001-3001-0-dev-harmony-fb esprima-fb@4001.3001.0-dev-harmony-fb
764 silly lockFile 7f9fbb0d-ma-fb-4001-3001-0-dev-harmony-fb esprima-fb@^4001.3001.0-dev-harmony-fb
765 silly lockFile 7f9fbb0d-ma-fb-4001-3001-0-dev-harmony-fb esprima-fb@^4001.3001.0-dev-harmony-fb
766 verbose about to build /Users/validity/.nvm/v0.11.13/lib/node_modules/react-tools
767 info /Users/validity/.nvm/v0.11.13/lib/node_modules/react-tools unbuild
768 info preuninstall react-tools@0.11.1
769 info uninstall react-tools@0.11.1
770 verbose true,/Users/validity/.nvm/v0.11.13/lib/node_modules,/Users/validity/.nvm/v0.11.13/lib/node_modules unbuild react-tools@0.11.1
771 verbose /Users/validity/.nvm/v0.11.13/bin,[object Object] binRoot
772 info postuninstall react-tools@0.11.1
773 error network connect ETIMEDOUT
773 error network This is most likely not a problem with npm itself
773 error network and is related to network connectivity.
773 error network In most cases you are behind a proxy or have bad network settings.
773 error network
773 error network If you are behind a proxy, please make sure that the
773 error network 'proxy' config is set properly.  See: 'npm help config'
774 error System Darwin 13.3.0
775 error command "/Users/validity/.nvm/v0.11.13/bin/node" "/Users/validity/.nvm/v0.11.13/bin/npm" "install" "-g" "react-tools"
776 error cwd /Users/validity/Dev/rethinku
777 error node -v v0.11.13
778 error npm -v 1.4.9
779 error syscall connect
780 error code ETIMEDOUT
781 error errno ETIMEDOUT
782 verbose exit [ 1, true ]
